d:\wmtbarnes\documents\jumpingbasics\debug\vc141.pdb
d:\wmtbarnes\documents\jumpingbasics\debug\vc141.idb
d:\wmtbarnes\documents\jumpingbasics\debug\cmap.obj
d:\wmtbarnes\documents\jumpingbasics\debug\collisions.obj
d:\wmtbarnes\documents\jumpingbasics\debug\jumpingbasics.obj
d:\wmtbarnes\documents\jumpingbasics\debug\cplayer.obj
d:\wmtbarnes\documents\jumpingbasics\jumpingbasicsdebug.ilk
d:\wmtbarnes\documents\jumpingbasics\jumpingbasicsdebug.exe
d:\wmtbarnes\documents\jumpingbasics\jumpingbasics.pdb
d:\work\university year 2 work\jumpingbasics\debug\cmap.obj
d:\work\university year 2 work\jumpingbasics\debug\collisions.obj
d:\work\university year 2 work\jumpingbasics\debug\cplayer.obj
d:\work\university year 2 work\jumpingbasics\debug\jumpingbasics.obj
d:\work\university year 2 work\jumpingbasics\debug\vc141.idb
d:\work\university year 2 work\jumpingbasics\debug\vc141.pdb
d:\work\university year 2 work\jumpingbasics\\jumpingbasicsdebug.exe
d:\work\university year 2 work\jumpingbasics\\jumpingbasicsdebug.ilk
d:\work\university year 2 work\jumpingbasics\debug\jumpingbasics.tlog\cl.command.1.tlog
d:\work\university year 2 work\jumpingbasics\debug\jumpingbasics.tlog\cl.read.1.tlog
d:\work\university year 2 work\jumpingbasics\debug\jumpingbasics.tlog\cl.write.1.tlog
d:\work\university year 2 work\jumpingbasics\debug\jumpingbasics.tlog\link.command.1.tlog
d:\work\university year 2 work\jumpingbasics\debug\jumpingbasics.tlog\link.read.1.tlog
d:\work\university year 2 work\jumpingbasics\debug\jumpingbasics.tlog\link.write.1.tlog
