d:\uni stuff!\2nd year\professional skills\profskillsgame\shapesprint\debug\vc141.pdb
d:\uni stuff!\2nd year\professional skills\profskillsgame\shapesprint\debug\vc141.idb
d:\uni stuff!\2nd year\professional skills\profskillsgame\shapesprint\debug\cgamemap.obj
d:\uni stuff!\2nd year\professional skills\profskillsgame\shapesprint\debug\collisions.obj
d:\uni stuff!\2nd year\professional skills\profskillsgame\shapesprint\debug\cplayer.obj
d:\uni stuff!\2nd year\professional skills\profskillsgame\shapesprint\debug\cscenery.obj
d:\uni stuff!\2nd year\professional skills\profskillsgame\shapesprint\debug\shapesprint.obj
d:\uni stuff!\2nd year\professional skills\profskillsgame\shapesprint\debug\sound.obj
s:\james\mega\documents\univerity\year 2\co2409 - graphics\week 9 - index buffers\git\profskillsgame\shapesprint\shapesprintdebug.exe
s:\james\mega\documents\univerity\year 2\co2409 - graphics\week 9 - index buffers\git\profskillsgame\shapesprint\shapesprintdebug.ilk
s:\james\mega\documents\univerity\year 2\co2409 - graphics\week 9 - index buffers\git\profskillsgame\shapesprint\shapesprint.pdb
d:\uni stuff!\2nd year\professional skills\profskillsgame\shapesprint\shapesprintdebug.ilk
d:\uni stuff!\2nd year\professional skills\profskillsgame\shapesprint\shapesprintdebug.exe
d:\uni stuff!\2nd year\professional skills\profskillsgame\shapesprint\shapesprint.pdb
d:\uni stuff!\2nd year\professional skills\profskillsgame\shapesprint\\shapesprintdebug.exe
d:\uni stuff!\2nd year\professional skills\profskillsgame\shapesprint\\shapesprintdebug.ilk
d:\uni stuff!\2nd year\professional skills\profskillsgame\shapesprint\debug\shapesprint.tlog\cl.command.1.tlog
d:\uni stuff!\2nd year\professional skills\profskillsgame\shapesprint\debug\shapesprint.tlog\cl.read.1.tlog
d:\uni stuff!\2nd year\professional skills\profskillsgame\shapesprint\debug\shapesprint.tlog\cl.write.1.tlog
d:\uni stuff!\2nd year\professional skills\profskillsgame\shapesprint\debug\shapesprint.tlog\link.command.1.tlog
d:\uni stuff!\2nd year\professional skills\profskillsgame\shapesprint\debug\shapesprint.tlog\link.read.1.tlog
d:\uni stuff!\2nd year\professional skills\profskillsgame\shapesprint\debug\shapesprint.tlog\link.write.1.tlog
